# JRE version: OpenJDK Runtime Environment (8.0_152-b06) (build 1.8.0_152-release-1136-b06)
# Java VM: OpenJDK 64-Bit Server VM (25.152-b06 mixed mode windows-amd64 compressed oops)
Heap:
 PSYoungGen      total 328192K, used 19164K [0x00000000e0000000, 0x00000000fc180000, 0x0000000100000000)
  eden space 273920K, 0% used [0x00000000e0000000,0x00000000e0000000,0x00000000f0b80000)
  from space 54272K, 35% used [0x00000000f0b80000,0x00000000f1e370e0,0x00000000f4080000)
  to   space 50688K, 0% used [0x00000000f9000000,0x00000000f9000000,0x00000000fc180000)
 ParOldGen       total 138752K, used 136209K [0x00000000a0000000, 0x00000000a8780000, 0x00000000e0000000)
  object space 138752K, 98% used [0x00000000a0000000,0x00000000a85044e0,0x00000000a8780000)
 Metaspace       used 72311K, capacity 76840K, committed 77144K, reserved 1116160K
  class space    used 9700K, capacity 10835K, committed 10880K, reserved 1048576K
GC Heap History (10 events):
Event: 23.636 GC heap after
Heap after GC invocations=14 (full 2):
 PSYoungGen      total 239616K, used 5348K [0x00000000e0000000, 0x00000000f0900000, 0x0000000100000000)
  eden space 212480K, 0% used [0x00000000e0000000,0x00000000e0000000,0x00000000ecf80000)
  from space 27136K, 19% used [0x00000000eea00000,0x00000000eef392f0,0x00000000f0480000)
  to   space 27136K, 0% used [0x00000000ecf80000,0x00000000ecf80000,0x00000000eea00000)
 ParOldGen       total 76800K, used 61744K [0x00000000a0000000, 0x00000000a4b00000, 0x00000000e0000000)
  object space 76800K, 80% used [0x00000000a0000000,0x00000000a3c4c3a0,0x00000000a4b00000)
 Metaspace       used 56173K, capacity 58906K, committed 59028K, reserved 1099776K
  class space    used 7660K, capacity 8374K, committed 8448K, reserved 1048576K
}
Event: 23.636 GC heap before
{Heap before GC invocations=15 (full 3):
 PSYoungGen      total 239616K, used 5348K [0x00000000e0000000, 0x00000000f0900000, 0x0000000100000000)
  eden space 212480K, 0% used [0x00000000e0000000,0x00000000e0000000,0x00000000ecf80000)
  from space 27136K, 19% used [0x00000000eea00000,0x00000000eef392f0,0x00000000f0480000)
  to   space 27136K, 0% used [0x00000000ecf80000,0x00000000ecf80000,0x00000000eea00000)
 ParOldGen       total 76800K, used 61744K [0x00000000a0000000, 0x00000000a4b00000, 0x00000000e0000000)
  object space 76800K, 80% used [0x00000000a0000000,0x00000000a3c4c3a0,0x00000000a4b00000)
 Metaspace       used 56173K, capacity 58906K, committed 59028K, reserved 1099776K
  class space    used 7660K, capacity 8374K, committed 8448K, reserved 1048576K
Event: 23.936 GC heap after
Heap after GC invocations=15 (full 3):
 PSYoungGen      total 239616K, used 0K [0x00000000e0000000, 0x00000000f0900000, 0x0000000100000000)
  eden space 212480K, 0% used [0x00000000e0000000,0x00000000e0000000,0x00000000ecf80000)
  from space 27136K, 0% used [0x00000000eea00000,0x00000000eea00000,0x00000000f0480000)
  to   space 27136K, 0% used [0x00000000ecf80000,0x00000000ecf80000,0x00000000eea00000)
 ParOldGen       total 138752K, used 54489K [0x00000000a0000000, 0x00000000a8780000, 0x00000000e0000000)
  object space 138752K, 39% used [0x00000000a0000000,0x00000000a35366d0,0x00000000a8780000)
 Metaspace       used 56173K, capacity 58906K, committed 59028K, reserved 1099776K
  class space    used 7660K, capacity 8374K, committed 8448K, reserved 1048576K
}
Event: 30.450 GC heap before
{Heap before GC invocations=16 (full 3):
 PSYoungGen      total 239616K, used 212480K [0x00000000e0000000, 0x00000000f0900000, 0x0000000100000000)
  eden space 212480K, 100% used [0x00000000e0000000,0x00000000ecf80000,0x00000000ecf80000)
  from space 27136K, 0% used [0x00000000eea00000,0x00000000eea00000,0x00000000f0480000)
  to   space 27136K, 0% used [0x00000000ecf80000,0x00000000ecf80000,0x00000000eea00000)
 ParOldGen       total 138752K, used 54489K [0x00000000a0000000, 0x00000000a8780000, 0x00000000e0000000)
  object space 138752K, 39% used [0x00000000a0000000,0x00000000a35366d0,0x00000000a8780000)
 Metaspace       used 61461K, capacity 65048K, committed 65240K, reserved 1105920K
  class space    used 8239K, capacity 9125K, committed 9216K, reserved 1048576K
Event: 30.679 GC heap after
Heap after GC invocations=16 (full 3):
 PSYoungGen      total 239616K, used 27104K [0x00000000e0000000, 0x00000000f6580000, 0x0000000100000000)
  eden space 212480K, 0% used [0x00000000e0000000,0x00000000e0000000,0x00000000ecf80000)
  from space 27136K, 99% used [0x00000000ecf80000,0x00000000ee9f8050,0x00000000eea00000)
  to   space 37888K, 0% used [0x00000000f4080000,0x00000000f4080000,0x00000000f6580000)
 ParOldGen       total 138752K, used 72424K [0x00000000a0000000, 0x00000000a8780000, 0x00000000e0000000)
  object space 138752K, 52% used [0x00000000a0000000,0x00000000a46ba280,0x00000000a8780000)
 Metaspace       used 61461K, capacity 65048K, committed 65240K, reserved 1105920K
  class space    used 8239K, capacity 9125K, committed 9216K, reserved 1048576K
}
Event: 38.529 GC heap before
{Heap before GC invocations=17 (full 3):
 PSYoungGen      total 239616K, used 239584K [0x00000000e0000000, 0x00000000f6580000, 0x0000000100000000)
  eden space 212480K, 100% used [0x00000000e0000000,0x00000000ecf80000,0x00000000ecf80000)
  from space 27136K, 99% used [0x00000000ecf80000,0x00000000ee9f8050,0x00000000eea00000)
  to   space 37888K, 0% used [0x00000000f4080000,0x00000000f4080000,0x00000000f6580000)
 ParOldGen       total 138752K, used 72424K [0x00000000a0000000, 0x00000000a8780000, 0x00000000e0000000)
  object space 138752K, 52% used [0x00000000a0000000,0x00000000a46ba280,0x00000000a8780000)
 Metaspace       used 64554K, capacity 68556K, committed 68824K, reserved 1107968K
  class space    used 8670K, capacity 9696K, committed 9728K, reserved 1048576K
Event: 38.625 GC heap after
Heap after GC invocations=17 (full 3):
 PSYoungGen      total 311808K, used 37856K [0x00000000e0000000, 0x00000000f8180000, 0x0000000100000000)
  eden space 273920K, 0% used [0x00000000e0000000,0x00000000e0000000,0x00000000f0b80000)
  from space 37888K, 99% used [0x00000000f4080000,0x00000000f6578010,0x00000000f6580000)
  to   space 54272K, 0% used [0x00000000f0b80000,0x00000000f0b80000,0x00000000f4080000)
 ParOldGen       total 138752K, used 99716K [0x00000000a0000000, 0x00000000a8780000, 0x00000000e0000000)
  object space 138752K, 71% used [0x00000000a0000000,0x00000000a61611a0,0x00000000a8780000)
 Metaspace       used 64554K, capacity 68556K, committed 68824K, reserved 1107968K
  class space    used 8670K, capacity 9696K, committed 9728K, reserved 1048576K
}
Event: 60.724 GC heap before
{Heap before GC invocations=18 (full 3):
 PSYoungGen      total 311808K, used 311776K [0x00000000e0000000, 0x00000000f8180000, 0x0000000100000000)
  eden space 273920K, 100% used [0x00000000e0000000,0x00000000f0b80000,0x00000000f0b80000)
  from space 37888K, 99% used [0x00000000f4080000,0x00000000f6578010,0x00000000f6580000)
  to   space 54272K, 0% used [0x00000000f0b80000,0x00000000f0b80000,0x00000000f4080000)
 ParOldGen       total 138752K, used 99716K [0x00000000a0000000, 0x00000000a8780000, 0x00000000e0000000)
  object space 138752K, 71% used [0x00000000a0000000,0x00000000a61611a0,0x00000000a8780000)
 Metaspace       used 72311K, capacity 76840K, committed 77144K, reserved 1116160K
  class space    used 9700K, capacity 10835K, committed 10880K, reserved 1048576K
Event: 60.779 GC heap after
Heap after GC invocations=18 (full 3):
 PSYoungGen      total 328192K, used 19164K [0x00000000e0000000, 0x00000000fc180000, 0x0000000100000000)
  eden space 273920K, 0% used [0x00000000e0000000,0x00000000e0000000,0x00000000f0b80000)
  from space 54272K, 35% used [0x00000000f0b80000,0x00000000f1e370e0,0x00000000f4080000)
  to   space 50688K, 0% used [0x00000000f9000000,0x00000000f9000000,0x00000000fc180000)
 ParOldGen       total 138752K, used 136209K [0x00000000a0000000, 0x00000000a8780000, 0x00000000e0000000)
  object space 138752K, 98% used [0x00000000a0000000,0x00000000a85044e0,0x00000000a8780000)
 Metaspace       used 72311K, capacity 76840K, committed 77144K, reserved 1116160K
  class space    used 9700K, capacity 10835K, committed 10880K, reserved 1048576K
}
Event: 60.779 GC heap before
{Heap before GC invocations=19 (full 4):
 PSYoungGen      total 328192K, used 19164K [0x00000000e0000000, 0x00000000fc180000, 0x0000000100000000)
  eden space 273920K, 0% used [0x00000000e0000000,0x00000000e0000000,0x00000000f0b80000)
  from space 54272K, 35% used [0x00000000f0b80000,0x00000000f1e370e0,0x00000000f4080000)
  to   space 50688K, 0% used [0x00000000f9000000,0x00000000f9000000,0x00000000fc180000)
 ParOldGen       total 138752K, used 136209K [0x00000000a0000000, 0x00000000a8780000, 0x00000000e0000000)
  object space 138752K, 98% used [0x00000000a0000000,0x00000000a85044e0,0x00000000a8780000)
 Metaspace       used 72311K, capacity 76840K, committed 77144K, reserved 1116160K
  class space    used 9700K, capacity 10835K, committed 10880K, reserved 1048576K

