# JRE version: OpenJDK Runtime Environment (8.0_152-b06) (build 1.8.0_152-release-1136-b06)
# Java VM: OpenJDK 64-Bit Server VM (25.152-b06 mixed mode windows-amd64 compressed oops)
Heap:
 PSYoungGen      total 169472K, used 127712K [0x00000000e0000000, 0x00000000eba80000, 0x0000000100000000)
  eden space 155648K, 73% used [0x00000000e0000000,0x00000000e6f3b830,0x00000000e9800000)
  from space 13824K, 99% used [0x00000000ea900000,0x00000000eb67cbb0,0x00000000eb680000)
  to   space 17408K, 0% used [0x00000000e9800000,0x00000000e9800000,0x00000000ea900000)
 ParOldGen       total 72192K, used 24397K [0x00000000a0000000, 0x00000000a4680000, 0x00000000e0000000)
  object space 72192K, 33% used [0x00000000a0000000,0x00000000a17d3678,0x00000000a4680000)
 Metaspace       used 53891K, capacity 56024K, committed 56152K, reserved 1097728K
  class space    used 7411K, capacity 7957K, committed 8064K, reserved 1048576K
GC Heap History (10 events):
Event: 8.316 GC heap before
{Heap before GC invocations=8 (full 1):
 PSYoungGen      total 69632K, used 67056K [0x00000000e0000000, 0x00000000e5180000, 0x0000000100000000)
  eden space 62976K, 100% used [0x00000000e0000000,0x00000000e3d80000,0x00000000e3d80000)
  from space 6656K, 61% used [0x00000000e4b00000,0x00000000e4efc280,0x00000000e5180000)
  to   space 10240K, 0% used [0x00000000e3d80000,0x00000000e3d80000,0x00000000e4780000)
 ParOldGen       total 50688K, used 8156K [0x00000000a0000000, 0x00000000a3180000, 0x00000000e0000000)
  object space 50688K, 16% used [0x00000000a0000000,0x00000000a07f7318,0x00000000a3180000)
 Metaspace       used 28160K, capacity 28564K, committed 28672K, reserved 1073152K
  class space    used 3931K, capacity 4038K, committed 4096K, reserved 1048576K
Event: 8.327 GC heap after
Heap after GC invocations=8 (full 1):
 PSYoungGen      total 73216K, used 8099K [0x00000000e0000000, 0x00000000e8800000, 0x0000000100000000)
  eden space 62976K, 0% used [0x00000000e0000000,0x00000000e0000000,0x00000000e3d80000)
  from space 10240K, 79% used [0x00000000e3d80000,0x00000000e4568cd8,0x00000000e4780000)
  to   space 10752K, 0% used [0x00000000e7d80000,0x00000000e7d80000,0x00000000e8800000)
 ParOldGen       total 50688K, used 8164K [0x00000000a0000000, 0x00000000a3180000, 0x00000000e0000000)
  object space 50688K, 16% used [0x00000000a0000000,0x00000000a07f9318,0x00000000a3180000)
 Metaspace       used 28160K, capacity 28564K, committed 28672K, reserved 1073152K
  class space    used 3931K, capacity 4038K, committed 4096K, reserved 1048576K
}
Event: 11.745 GC heap before
{Heap before GC invocations=9 (full 1):
 PSYoungGen      total 73216K, used 67512K [0x00000000e0000000, 0x00000000e8800000, 0x0000000100000000)
  eden space 62976K, 94% used [0x00000000e0000000,0x00000000e3a05520,0x00000000e3d80000)
  from space 10240K, 79% used [0x00000000e3d80000,0x00000000e4568cd8,0x00000000e4780000)
  to   space 10752K, 0% used [0x00000000e7d80000,0x00000000e7d80000,0x00000000e8800000)
 ParOldGen       total 50688K, used 8164K [0x00000000a0000000, 0x00000000a3180000, 0x00000000e0000000)
  object space 50688K, 16% used [0x00000000a0000000,0x00000000a07f9318,0x00000000a3180000)
 Metaspace       used 34753K, capacity 35386K, committed 35416K, reserved 1079296K
  class space    used 4756K, capacity 4970K, committed 4992K, reserved 1048576K
Event: 11.758 GC heap after
Heap after GC invocations=9 (full 1):
 PSYoungGen      total 125952K, used 10747K [0x00000000e0000000, 0x00000000e8880000, 0x0000000100000000)
  eden space 115200K, 0% used [0x00000000e0000000,0x00000000e0000000,0x00000000e7080000)
  from space 10752K, 99% used [0x00000000e7d80000,0x00000000e87fedd8,0x00000000e8800000)
  to   space 12288K, 0% used [0x00000000e7080000,0x00000000e7080000,0x00000000e7c80000)
 ParOldGen       total 50688K, used 8968K [0x00000000a0000000, 0x00000000a3180000, 0x00000000e0000000)
  object space 50688K, 17% used [0x00000000a0000000,0x00000000a08c2048,0x00000000a3180000)
 Metaspace       used 34753K, capacity 35386K, committed 35416K, reserved 1079296K
  class space    used 4756K, capacity 4970K, committed 4992K, reserved 1048576K
}
Event: 11.758 GC heap before
{Heap before GC invocations=10 (full 2):
 PSYoungGen      total 125952K, used 10747K [0x00000000e0000000, 0x00000000e8880000, 0x0000000100000000)
  eden space 115200K, 0% used [0x00000000e0000000,0x00000000e0000000,0x00000000e7080000)
  from space 10752K, 99% used [0x00000000e7d80000,0x00000000e87fedd8,0x00000000e8800000)
  to   space 12288K, 0% used [0x00000000e7080000,0x00000000e7080000,0x00000000e7c80000)
 ParOldGen       total 50688K, used 8968K [0x00000000a0000000, 0x00000000a3180000, 0x00000000e0000000)
  object space 50688K, 17% used [0x00000000a0000000,0x00000000a08c2048,0x00000000a3180000)
 Metaspace       used 34753K, capacity 35386K, committed 35416K, reserved 1079296K
  class space    used 4756K, capacity 4970K, committed 4992K, reserved 1048576K
Event: 11.889 GC heap after
Heap after GC invocations=10 (full 2):
 PSYoungGen      total 125952K, used 0K [0x00000000e0000000, 0x00000000e8880000, 0x0000000100000000)
  eden space 115200K, 0% used [0x00000000e0000000,0x00000000e0000000,0x00000000e7080000)
  from space 10752K, 0% used [0x00000000e7d80000,0x00000000e7d80000,0x00000000e8800000)
  to   space 12288K, 0% used [0x00000000e7080000,0x00000000e7080000,0x00000000e7c80000)
 ParOldGen       total 72192K, used 18339K [0x00000000a0000000, 0x00000000a4680000, 0x00000000e0000000)
  object space 72192K, 25% used [0x00000000a0000000,0x00000000a11e8c78,0x00000000a4680000)
 Metaspace       used 34753K, capacity 35386K, committed 35416K, reserved 1079296K
  class space    used 4756K, capacity 4970K, committed 4992K, reserved 1048576K
}
Event: 15.746 GC heap before
{Heap before GC invocations=11 (full 2):
 PSYoungGen      total 125952K, used 115200K [0x00000000e0000000, 0x00000000e8880000, 0x0000000100000000)
  eden space 115200K, 100% used [0x00000000e0000000,0x00000000e7080000,0x00000000e7080000)
  from space 10752K, 0% used [0x00000000e7d80000,0x00000000e7d80000,0x00000000e8800000)
  to   space 12288K, 0% used [0x00000000e7080000,0x00000000e7080000,0x00000000e7c80000)
 ParOldGen       total 72192K, used 18339K [0x00000000a0000000, 0x00000000a4680000, 0x00000000e0000000)
  object space 72192K, 25% used [0x00000000a0000000,0x00000000a11e8c78,0x00000000a4680000)
 Metaspace       used 40464K, capacity 41358K, committed 41432K, reserved 1085440K
  class space    used 5536K, capacity 5823K, committed 5888K, reserved 1048576K
Event: 15.759 GC heap after
Heap after GC invocations=11 (full 2):
 PSYoungGen      total 127488K, used 12030K [0x00000000e0000000, 0x00000000eb680000, 0x0000000100000000)
  eden space 115200K, 0% used [0x00000000e0000000,0x00000000e0000000,0x00000000e7080000)
  from space 12288K, 97% used [0x00000000e7080000,0x00000000e7c3f850,0x00000000e7c80000)
  to   space 13824K, 0% used [0x00000000ea900000,0x00000000ea900000,0x00000000eb680000)
 ParOldGen       total 72192K, used 18347K [0x00000000a0000000, 0x00000000a4680000, 0x00000000e0000000)
  object space 72192K, 25% used [0x00000000a0000000,0x00000000a11eac78,0x00000000a4680000)
 Metaspace       used 40464K, capacity 41358K, committed 41432K, reserved 1085440K
  class space    used 5536K, capacity 5823K, committed 5888K, reserved 1048576K
}
Event: 18.247 GC heap before
{Heap before GC invocations=12 (full 2):
 PSYoungGen      total 127488K, used 127230K [0x00000000e0000000, 0x00000000eb680000, 0x0000000100000000)
  eden space 115200K, 100% used [0x00000000e0000000,0x00000000e7080000,0x00000000e7080000)
  from space 12288K, 97% used [0x00000000e7080000,0x00000000e7c3f850,0x00000000e7c80000)
  to   space 13824K, 0% used [0x00000000ea900000,0x00000000ea900000,0x00000000eb680000)
 ParOldGen       total 72192K, used 18347K [0x00000000a0000000, 0x00000000a4680000, 0x00000000e0000000)
  object space 72192K, 25% used [0x00000000a0000000,0x00000000a11eac78,0x00000000a4680000)
 Metaspace       used 48703K, capacity 49924K, committed 50136K, reserved 1091584K
  class space    used 6620K, capacity 7051K, committed 7168K, reserved 1048576K
Event: 18.272 GC heap after
Heap after GC invocations=12 (full 2):
 PSYoungGen      total 169472K, used 13810K [0x00000000e0000000, 0x00000000eba80000, 0x0000000100000000)
  eden space 155648K, 0% used [0x00000000e0000000,0x00000000e0000000,0x00000000e9800000)
  from space 13824K, 99% used [0x00000000ea900000,0x00000000eb67cbb0,0x00000000eb680000)
  to   space 17408K, 0% used [0x00000000e9800000,0x00000000e9800000,0x00000000ea900000)
 ParOldGen       total 72192K, used 24397K [0x00000000a0000000, 0x00000000a4680000, 0x00000000e0000000)
  object space 72192K, 33% used [0x00000000a0000000,0x00000000a17d3678,0x00000000a4680000)
 Metaspace       used 48703K, capacity 49924K, committed 50136K, reserved 1091584K
  class space    used 6620K, capacity 7051K, committed 7168K, reserved 1048576K
}

